Content-Type: multipart/alternative;
 boundary="===============8337923934727930550=="
MIME-Version: 1.0
Subject: Restore password
From: test@example.com
To: sndvnlsvnl@vnsdl.com
Date: Sat, 15 Aug 2020 13:57:50 -0000
Message-ID: <159749987100.14775.8689648728030830357@Prince>

--===============8337923934727930550==
Content-Type: text/plain; charset="utf-8"
MIME-Version: 1.0
Content-Transfer-Encoding: 7bit



You received this email because you requested a password reset for your user account.

Please, go to the following page and choose a new password:

http://127.0.0.1:8000/accounts/restore/Mg/5j2-696c39edcf229bf5b47f/

--===============8337923934727930550==
Content-Type: text/html; charset="utf-8"
MIME-Version: 1.0
Content-Transfer-Encoding: 7bit



<!DOCTYPE html PUBLIC "-//W3C//DTD XHTML 1.0 Transitional//EN"
        "http://www.w3.org/TR/xhtml1/DTD/xhtml1-transitional.dtd">
<html xmlns="http://www.w3.org/1999/xhtml">
<head>
    <meta http-equiv="Content-Type" content="text/html; charset=UTF-8"/>
    <title>Restore password</title>
    <meta name="viewport" content="width=device-width, initial-scale=1.0"/>
</head>

<body>

<p>
    You received this email because you requested a password reset for your user account.
</p>

<p>
    Please, go to the following page and choose a new password:
</p>

<p>
    <a href="http://127.0.0.1:8000/accounts/restore/Mg/5j2-696c39edcf229bf5b47f/">http://127.0.0.1:8000/accounts/restore/Mg/5j2-696c39edcf229bf5b47f/</a>
</p>

</body>

</html>

--===============8337923934727930550==--

-------------------------------------------------------------------------------
